<?xml version="1.0" encoding="UTF-8"?>
<testsuite name="com.trello.qa.tests.TeamCreationTests" tests="8" skipped="0" failures="0" errors="0" timestamp="2019-10-03T17:57:23" hostname="DESKTOP-5FQ94RQ" time="61.422">
  <properties/>
  <testcase name="testTeamCreationFromPlusButtonOnHeaderWithDataProvider[0](name, discription)" classname="com.trello.qa.tests.TeamCreationTests" time="8.88"/>
  <testcase name="testTeamCreationFromPlusButtonOnHeaderWithDataProvider[1](name, )" classname="com.trello.qa.tests.TeamCreationTests" time="7.175"/>
  <testcase name="testTeamCreationFromPlusButtonOnHeaderWithDataProvider[2](NAME, DESCR)" classname="com.trello.qa.tests.TeamCreationTests" time="7.213"/>
  <testcase name="testTeamCreationFromPlusButtonOnHeaderWithDataProvider[3](1234, 456789)" classname="com.trello.qa.tests.TeamCreationTests" time="7.234"/>
  <testcase name="testTeamCreationFromPlusButtonOnHeaderWithDataProvider[4](&amp;^#$, *$%&amp;)" classname="com.trello.qa.tests.TeamCreationTests" time="7.271"/>
  <testcase name="testTeamCreationFromPlusButtonOnHeaderWithDataProviderfromcsv[0](com.trello.qa.manager.TeamData@5240b5db)" classname="com.trello.qa.tests.TeamCreationTests" time="8.565"/>
  <testcase name="testTeamCreationFromPlusButtonOnHeaderWithDataProviderfromcsv[1](com.trello.qa.manager.TeamData@2862ea9f)" classname="com.trello.qa.tests.TeamCreationTests" time="7.352"/>
  <testcase name="testTeamCreationFromPlusButtonOnHeaderWithDataProviderfromcsv[2](com.trello.qa.manager.TeamData@6c6727a8)" classname="com.trello.qa.tests.TeamCreationTests" time="7.472"/>
  <system-out><![CDATA[]]></system-out>
  <system-err><![CDATA[]]></system-err>
</testsuite>
