<?xml version="1.0" encoding="UTF-8"?>
<testsuite name="com.trello.qa.tests.BoardDeletionTests" tests="1" skipped="0" failures="0" errors="0" timestamp="2019-10-06T20:03:34" hostname="DESKTOP-5FQ94RQ" time="56.35">
  <properties/>
  <testcase name="testBoardDeletion" classname="com.trello.qa.tests.BoardDeletionTests" time="56.35"/>
  <system-out><![CDATA[]]></system-out>
  <system-err><![CDATA[]]></system-err>
</testsuite>
