<?xml version="1.0" encoding="UTF-8"?>
<testsuite name="com.trello.qa.tests.TeamModificationTests" tests="1" skipped="0" failures="0" errors="0" timestamp="2019-10-03T15:21:05" hostname="DESKTOP-5FQ94RQ" time="10.126">
  <properties/>
  <testcase name="testRenameTeam" classname="com.trello.qa.tests.TeamModificationTests" time="10.126"/>
  <system-out><![CDATA[]]></system-out>
  <system-err><![CDATA[]]></system-err>
</testsuite>
