<?xml version="1.0" encoding="UTF-8"?>
<testsuite name="com.trello.qa.tests.TeamCreationTests" tests="8" skipped="0" failures="0" errors="0" timestamp="2019-10-03T15:20:06" hostname="DESKTOP-5FQ94RQ" time="59.158">
  <properties/>
  <testcase name="testTeamCreationFromPlusButtonOnHeaderWithDataProvider[0](name, discription)" classname="com.trello.qa.tests.TeamCreationTests" time="7.7"/>
  <testcase name="testTeamCreationFromPlusButtonOnHeaderWithDataProvider[1](name, )" classname="com.trello.qa.tests.TeamCreationTests" time="7.26"/>
  <testcase name="testTeamCreationFromPlusButtonOnHeaderWithDataProvider[2](NAME, DESCR)" classname="com.trello.qa.tests.TeamCreationTests" time="7.257"/>
  <testcase name="testTeamCreationFromPlusButtonOnHeaderWithDataProvider[3](1234, 456789)" classname="com.trello.qa.tests.TeamCreationTests" time="7.265"/>
  <testcase name="testTeamCreationFromPlusButtonOnHeaderWithDataProvider[4](&amp;^#$, *$%&amp;)" classname="com.trello.qa.tests.TeamCreationTests" time="7.237"/>
  <testcase name="testTeamCreationFromPlusButtonOnHeaderWithDataProviderfromcsv[0](com.trello.qa.manager.TeamData@326f4bbb)" classname="com.trello.qa.tests.TeamCreationTests" time="7.659"/>
  <testcase name="testTeamCreationFromPlusButtonOnHeaderWithDataProviderfromcsv[1](com.trello.qa.manager.TeamData@1ef68f30)" classname="com.trello.qa.tests.TeamCreationTests" time="7.285"/>
  <testcase name="testTeamCreationFromPlusButtonOnHeaderWithDataProviderfromcsv[2](com.trello.qa.manager.TeamData@302212d4)" classname="com.trello.qa.tests.TeamCreationTests" time="7.27"/>
  <system-out><![CDATA[]]></system-out>
  <system-err><![CDATA[]]></system-err>
</testsuite>
