<?xml version="1.0" encoding="UTF-8"?>
<testsuite name="com.trello.qa.tests.TeamCreationTests" tests="8" skipped="0" failures="0" errors="0" timestamp="2019-10-01T10:28:22" hostname="DESKTOP-5FQ94RQ" time="62.809">
  <properties/>
  <testcase name="testTeamCreationFromPlusButtonOnHeaderWithDataProvider[0](name, discription)" classname="com.trello.qa.tests.TeamCreationTests" time="10.47"/>
  <testcase name="testTeamCreationFromPlusButtonOnHeaderWithDataProvider[1](name, )" classname="com.trello.qa.tests.TeamCreationTests" time="7.318"/>
  <testcase name="testTeamCreationFromPlusButtonOnHeaderWithDataProvider[2](NAME, DESCR)" classname="com.trello.qa.tests.TeamCreationTests" time="7.218"/>
  <testcase name="testTeamCreationFromPlusButtonOnHeaderWithDataProvider[3](1234, 456789)" classname="com.trello.qa.tests.TeamCreationTests" time="8.046"/>
  <testcase name="testTeamCreationFromPlusButtonOnHeaderWithDataProvider[4](&amp;^#$, *$%&amp;)" classname="com.trello.qa.tests.TeamCreationTests" time="7.252"/>
  <testcase name="testTeamCreationFromPlusButtonOnHeaderWithDataProviderfromcsv[0](com.trello.qa.manager.TeamData@326f4bbb)" classname="com.trello.qa.tests.TeamCreationTests" time="7.763"/>
  <testcase name="testTeamCreationFromPlusButtonOnHeaderWithDataProviderfromcsv[1](com.trello.qa.manager.TeamData@1ef68f30)" classname="com.trello.qa.tests.TeamCreationTests" time="7.271"/>
  <testcase name="testTeamCreationFromPlusButtonOnHeaderWithDataProviderfromcsv[2](com.trello.qa.manager.TeamData@302212d4)" classname="com.trello.qa.tests.TeamCreationTests" time="7.209"/>
  <system-out><![CDATA[]]></system-out>
  <system-err><![CDATA[]]></system-err>
</testsuite>
